0 info it worked if it ends with ok
1 verbose cli [ 'C:\\Program Files\\nodejs\\node.exe',
1 verbose cli   'C:\\Program Files\\nodejs\\node_modules\\npm\\bin\\npm-cli.js',
1 verbose cli   'start' ]
2 info using npm@3.3.12
3 info using node@v5.1.0
4 verbose run-script [ 'prestart', 'start', 'poststart' ]
5 info lifecycle webpaletteserver@1.0.0~prestart: webpaletteserver@1.0.0
6 silly lifecycle webpaletteserver@1.0.0~prestart: no script for prestart, continuing
7 info lifecycle webpaletteserver@1.0.0~start: webpaletteserver@1.0.0
8 verbose lifecycle webpaletteserver@1.0.0~start: unsafe-perm in lifecycle true
9 verbose lifecycle webpaletteserver@1.0.0~start: PATH: C:\Program Files\nodejs\node_modules\npm\bin\node-gyp-bin;D:\Projects\Extensions\WebPaletteServer\node_modules\.bin;C:\Program Files\ConEmu\ConEmu\Scripts;C:\Program Files\ConEmu;C:\Program Files\ConEmu\ConEmu;C:\Program Files (x86)\Oculus\Support\oculus-runtime;C:\ProgramData\Oracle\Java\javapath;C:\Program Files (x86)\NVIDIA Corporation\PhysX\Common;C:\Program Files\ImageMagick-6.9.2-Q16;c:\program files\graphicsmagick-1.3.23-q8;C:\Program Files (x86)\Intel\iCLS Client\;C:\Program Files\Intel\iCLS Client\;C:\tools\ruby21\bin;C:\Windows\system32;C:\Windows;C:\Windows\System32\Wbem;C:\Windows\System32\WindowsPowerShell\v1.0\;C:\Program Files (x86)\AMD\ATI.ACE\Core-Static;C:\Program Files (x86)\ATI Technologies\ATI.ACE\Core-Static;C:\Program Files (x86)\Skype\Phone\;C:\Program Files\Git\cmd;C:\Program Files\Git\mingw64\bin;C:\Program Files\Git\usr\bin;C:\Program Files\Microsoft SQL Server\110\Tools\Binn\;C:\Program Files\Microsoft SQL Server\120\Tools\Binn\;C:\Program Files\Common Files\Autodesk Shared\;C:\Program Files (x86)\Autodesk\Backburner\;C:\Program Files (x86)\Intel\Intel(R) Management Engine Components\DAL;C:\Program Files\Intel\Intel(R) Management Engine Components\DAL;C:\Program Files (x86)\Intel\Intel(R) Management Engine Components\IPT;C:\Program Files\Intel\Intel(R) Management Engine Components\IPT;C:\Program Files (x86)\Windows Kits\8.1\Windows Performance Toolkit\;C:\Program Files (x86)\Microsoft SDKs\TypeScript\1.0\;C:\Program Files\nodejs\;C:\WINDOWS\system32;C:\WINDOWS;C:\WINDOWS\System32\Wbem;C:\WINDOWS\System32\WindowsPowerShell\v1.0\;C:\Program Files (x86)\Heroku\bin;C:\Program Files (x86)\git\cmd;C:\Program Files (x86)\Git\cmd;C:\tools\ruby21\bin;C:\ProgramData\chocolatey\bin;C:\Program Files\nodejs;C:\tools\mingw64\bin;C:\Program Files\GraphicsMagick-1.3.23-Q8;C:\Users\Mitchell\AppData\Roaming\npm;C:\Program Files\ImageMagick-6.9.2-Q16;C:\Users\Mitchell\AppData\Local\.meteor\;C:\Program Files (x86)\Android\android-sdk\platform-tools
10 verbose lifecycle webpaletteserver@1.0.0~start: CWD: D:\Projects\Extensions\WebPaletteServer
11 silly lifecycle webpaletteserver@1.0.0~start: Args: [ '/d /s /c', 'gulp start' ]
12 silly lifecycle webpaletteserver@1.0.0~start: Returned: code: 1  signal: null
13 info lifecycle webpaletteserver@1.0.0~start: Failed to exec start script
14 verbose stack Error: webpaletteserver@1.0.0 start: `gulp start`
14 verbose stack Exit status 1
14 verbose stack     at EventEmitter.<anonymous> (C:\Program Files\nodejs\node_modules\npm\lib\utils\lifecycle.js:232:16)
14 verbose stack     at emitTwo (events.js:87:13)
14 verbose stack     at EventEmitter.emit (events.js:172:7)
14 verbose stack     at ChildProcess.<anonymous> (C:\Program Files\nodejs\node_modules\npm\lib\utils\spawn.js:24:14)
14 verbose stack     at emitTwo (events.js:87:13)
14 verbose stack     at ChildProcess.emit (events.js:172:7)
14 verbose stack     at maybeClose (internal/child_process.js:818:16)
14 verbose stack     at Process.ChildProcess._handle.onexit (internal/child_process.js:211:5)
15 verbose pkgid webpaletteserver@1.0.0
16 verbose cwd D:\Projects\Extensions\WebPaletteServer
17 error Windows_NT 10.0.10586
18 error argv "C:\\Program Files\\nodejs\\node.exe" "C:\\Program Files\\nodejs\\node_modules\\npm\\bin\\npm-cli.js" "start"
19 error node v5.1.0
20 error npm  v3.3.12
21 error code ELIFECYCLE
22 error webpaletteserver@1.0.0 start: `gulp start`
22 error Exit status 1
23 error Failed at the webpaletteserver@1.0.0 start script 'gulp start'.
23 error Make sure you have the latest version of node.js and npm installed.
23 error If you do, this is most likely a problem with the webpaletteserver package,
23 error not with npm itself.
23 error Tell the author that this fails on your system:
23 error     gulp start
23 error You can get their info via:
23 error     npm owner ls webpaletteserver
23 error There is likely additional logging output above.
24 verbose exit [ 1, true ]
